2019-11-28T08:13:58.133576Z 0 [Warning] TIMESTAMP with implicit DEFAULT value is deprecated. Please use --explicit_defaults_for_timestamp server option (see documentation for more details).
2019-11-28T08:13:58.133576Z 0 [Warning] 'NO_ZERO_DATE', 'NO_ZERO_IN_DATE' and 'ERROR_FOR_DIVISION_BY_ZERO' sql modes should be used with strict mode. They will be merged with strict mode in a future release.
2019-11-28T08:13:58.133576Z 0 [Warning] 'NO_AUTO_CREATE_USER' sql mode was not set.
2019-11-28T08:13:58.133576Z 0 [Warning] Insecure configuration for --secure-file-priv: Current value does not restrict location of generated files. Consider setting it to a valid, non-empty path.
2019-11-28T08:13:58.134573Z 0 [Note] D:\ptut\bin\database\mysql-5.7.11\bin\mysqld.exe (mysqld 5.7.11) starting as process 10760 ...
2019-11-28T08:13:58.169480Z 0 [ERROR] Can't open shared library 'D:\ptut\bin\database\mysql-5.7.11\lib\plugin\keyring_file.dll' (errno: 126 Le module spécifié est introuvable.)
2019-11-28T08:13:58.170477Z 0 [ERROR] Couldn't load plugin named 'keyring_file' with soname 'keyring_file.dll'.
2019-11-28T08:13:58.172472Z 0 [Note] InnoDB: Mutexes and rw_locks use Windows interlocked functions
2019-11-28T08:13:58.173468Z 0 [Note] InnoDB: Uses event mutexes
2019-11-28T08:13:58.173468Z 0 [Note] InnoDB: Memory barrier is not used
2019-11-28T08:13:58.174467Z 0 [Note] InnoDB: Compressed tables use zlib 1.2.3
2019-11-28T08:13:58.175464Z 0 [Note] InnoDB: Number of pools: 1
2019-11-28T08:13:58.176460Z 0 [Note] InnoDB: Not using CPU crc32 instructions
2019-11-28T08:13:58.237297Z 0 [Note] InnoDB: Initializing buffer pool, total size = 128M, instances = 1, chunk size = 128M
2019-11-28T08:13:58.245276Z 0 [Note] InnoDB: Completed initialization of buffer pool
2019-11-28T08:13:58.309106Z 0 [Note] InnoDB: Highest supported file format is Barracuda.
2019-11-28T08:13:58.311100Z 0 [Note] InnoDB: Log scan progressed past the checkpoint lsn 10109402
2019-11-28T08:13:58.312097Z 0 [Note] InnoDB: Doing recovery: scanned up to log sequence number 10109411
2019-11-28T08:13:58.314092Z 0 [Note] InnoDB: Doing recovery: scanned up to log sequence number 10109411
2019-11-28T08:13:58.315089Z 0 [Note] InnoDB: Database was not shutdown normally!
2019-11-28T08:13:58.316088Z 0 [Note] InnoDB: Starting crash recovery.
2019-11-28T08:13:58.713027Z 0 [Note] InnoDB: Removed temporary tablespace data file: "ibtmp1"
2019-11-28T08:13:58.714024Z 0 [Note] InnoDB: Creating shared tablespace for temporary tables
2019-11-28T08:13:58.715022Z 0 [Note] InnoDB: Setting file '.\ibtmp1' size to 12 MB. Physically writing the file full; Please wait ...
2019-11-28T08:13:58.777854Z 0 [Note] InnoDB: File '.\ibtmp1' size is now 12 MB.
2019-11-28T08:13:58.780846Z 0 [Note] InnoDB: 96 redo rollback segment(s) found. 96 redo rollback segment(s) are active.
2019-11-28T08:13:58.781843Z 0 [Note] InnoDB: 32 non-redo rollback segment(s) are active.
2019-11-28T08:13:58.791817Z 0 [Note] InnoDB: 5.7.11 started; log sequence number 10109411
2019-11-28T08:13:58.793811Z 0 [Note] InnoDB: Loading buffer pool(s) from D:\ptut\bin\database\mysql-5.7.11\data\ib_buffer_pool
2019-11-28T08:13:58.795806Z 0 [Note] Plugin 'FEDERATED' is disabled.
2019-11-28T08:13:58.809769Z 0 [Warning] Failed to set up SSL because of the following SSL library error: SSL context is not usable without certificate and private key
2019-11-28T08:13:58.813758Z 0 [Note] Server hostname (bind-address): '*'; port: 3306
2019-11-28T08:13:58.814756Z 0 [Note] IPv6 is available.
2019-11-28T08:13:58.815753Z 0 [Note]   - '::' resolves to '::';
2019-11-28T08:13:58.815753Z 0 [Note] Server socket created on IP: '::'.
2019-11-28T08:13:58.876591Z 0 [Note] InnoDB: Buffer pool(s) load completed at 191128  9:13:58
2019-11-28T08:13:59.120937Z 0 [Note] Event Scheduler: Loaded 0 events
2019-11-28T08:13:59.121935Z 0 [Note] D:\ptut\bin\database\mysql-5.7.11\bin\mysqld.exe: ready for connections.
Version: '5.7.11'  socket: ''  port: 3306  MySQL Community Server (GPL)
