2019-11-22T07:02:31.210951Z 0 [Warning] TIMESTAMP with implicit DEFAULT value is deprecated. Please use --explicit_defaults_for_timestamp server option (see documentation for more details).
2019-11-22T07:02:31.210951Z 0 [Warning] 'NO_ZERO_DATE', 'NO_ZERO_IN_DATE' and 'ERROR_FOR_DIVISION_BY_ZERO' sql modes should be used with strict mode. They will be merged with strict mode in a future release.
2019-11-22T07:02:31.210951Z 0 [Warning] 'NO_AUTO_CREATE_USER' sql mode was not set.
2019-11-22T07:02:31.210951Z 0 [Warning] Insecure configuration for --secure-file-priv: Current value does not restrict location of generated files. Consider setting it to a valid, non-empty path.
2019-11-22T07:02:31.210951Z 0 [Note] D:\UwAmp\bin\database\mysql-5.7.11\bin\mysqld.exe (mysqld 5.7.11) starting as process 7288 ...
2019-11-22T07:02:31.245891Z 0 [ERROR] Can't open shared library 'D:\UwAmp\bin\database\mysql-5.7.11\lib\plugin\keyring_file.dll' (errno: 126 Le module spécifié est introuvable.)
2019-11-22T07:02:31.247887Z 0 [ERROR] Couldn't load plugin named 'keyring_file' with soname 'keyring_file.dll'.
2019-11-22T07:02:31.250885Z 0 [Note] InnoDB: Mutexes and rw_locks use Windows interlocked functions
2019-11-22T07:02:31.251880Z 0 [Note] InnoDB: Uses event mutexes
2019-11-22T07:02:31.252879Z 0 [Note] InnoDB: Memory barrier is not used
2019-11-22T07:02:31.252879Z 0 [Note] InnoDB: Compressed tables use zlib 1.2.3
2019-11-22T07:02:31.254875Z 0 [Note] InnoDB: Number of pools: 1
2019-11-22T07:02:31.255873Z 0 [Note] InnoDB: Not using CPU crc32 instructions
2019-11-22T07:02:31.306784Z 0 [Note] InnoDB: Initializing buffer pool, total size = 128M, instances = 1, chunk size = 128M
2019-11-22T07:02:31.315769Z 0 [Note] InnoDB: Completed initialization of buffer pool
2019-11-22T07:02:31.422582Z 0 [Note] InnoDB: Highest supported file format is Barracuda.
2019-11-22T07:02:31.462513Z 0 [Note] InnoDB: Log scan progressed past the checkpoint lsn 5263542
2019-11-22T07:02:31.463511Z 0 [Note] InnoDB: Doing recovery: scanned up to log sequence number 5263551
2019-11-22T07:02:31.467504Z 0 [Note] InnoDB: Doing recovery: scanned up to log sequence number 5263551
2019-11-22T07:02:31.468502Z 0 [Note] InnoDB: Database was not shutdown normally!
2019-11-22T07:02:31.469501Z 0 [Note] InnoDB: Starting crash recovery.
2019-11-22T07:02:32.263117Z 0 [Note] InnoDB: Removed temporary tablespace data file: "ibtmp1"
2019-11-22T07:02:32.264116Z 0 [Note] InnoDB: Creating shared tablespace for temporary tables
2019-11-22T07:02:32.265114Z 0 [Note] InnoDB: Setting file '.\ibtmp1' size to 12 MB. Physically writing the file full; Please wait ...
2019-11-22T07:02:32.446797Z 0 [Note] InnoDB: File '.\ibtmp1' size is now 12 MB.
2019-11-22T07:02:32.450790Z 0 [Note] InnoDB: 96 redo rollback segment(s) found. 96 redo rollback segment(s) are active.
2019-11-22T07:02:32.451788Z 0 [Note] InnoDB: 32 non-redo rollback segment(s) are active.
2019-11-22T07:02:32.476745Z 0 [Note] InnoDB: 5.7.11 started; log sequence number 5263551
2019-11-22T07:02:32.633472Z 0 [Note] InnoDB: Loading buffer pool(s) from D:\UwAmp\bin\database\mysql-5.7.11\data\ib_buffer_pool
2019-11-22T07:02:32.828132Z 0 [Note] Plugin 'FEDERATED' is disabled.
2019-11-22T07:02:32.850113Z 0 [Warning] Failed to set up SSL because of the following SSL library error: SSL context is not usable without certificate and private key
2019-11-22T07:02:32.854087Z 0 [Note] Server hostname (bind-address): '*'; port: 3306
2019-11-22T07:02:32.855085Z 0 [Note] IPv6 is available.
2019-11-22T07:02:32.856084Z 0 [Note]   - '::' resolves to '::';
2019-11-22T07:02:32.857082Z 0 [Note] Server socket created on IP: '::'.
2019-11-22T07:02:33.067715Z 0 [Note] Event Scheduler: Loaded 0 events
2019-11-22T07:02:33.067715Z 0 [Note] InnoDB: Buffer pool(s) load completed at 191122  8:02:33
2019-11-22T07:02:33.069711Z 0 [Note] D:\UwAmp\bin\database\mysql-5.7.11\bin\mysqld.exe: ready for connections.
Version: '5.7.11'  socket: ''  port: 3306  MySQL Community Server (GPL)
2019-11-22T07:03:11.317534Z 0 [Note] D:\UwAmp\bin\database\mysql-5.7.11\bin\mysqld.exe: Normal shutdown

2019-11-22T07:03:11.318535Z 0 [Note] Giving 0 client threads a chance to die gracefully
2019-11-22T07:03:11.319534Z 0 [Note] Shutting down slave threads
2019-11-22T07:03:11.320533Z 0 [Note] Forcefully disconnecting 0 remaining clients
2019-11-22T07:03:11.321532Z 0 [Note] Event Scheduler: Purging the queue. 0 events
2019-11-22T07:03:11.322532Z 0 [Note] Binlog end
2019-11-22T07:03:11.323532Z 0 [Note] Shutting down plugin 'ngram'
2019-11-22T07:03:11.323532Z 0 [Note] Shutting down plugin 'partition'
2019-11-22T07:03:11.324531Z 0 [Note] Shutting down plugin 'BLACKHOLE'
2019-11-22T07:03:11.325548Z 0 [Note] Shutting down plugin 'ARCHIVE'
2019-11-22T07:03:11.325548Z 0 [Note] Shutting down plugin 'PERFORMANCE_SCHEMA'
2019-11-22T07:03:11.326542Z 0 [Note] Shutting down plugin 'MRG_MYISAM'
2019-11-22T07:03:11.327529Z 0 [Note] Shutting down plugin 'MyISAM'
2019-11-22T07:03:11.327529Z 0 [Note] Shutting down plugin 'INNODB_SYS_VIRTUAL'
2019-11-22T07:03:11.328528Z 0 [Note] Shutting down plugin 'INNODB_SYS_DATAFILES'
2019-11-22T07:03:11.329556Z 0 [Note] Shutting down plugin 'INNODB_SYS_TABLESPACES'
2019-11-22T07:03:11.330527Z 0 [Note] Shutting down plugin 'INNODB_SYS_FOREIGN_COLS'
2019-11-22T07:03:11.330527Z 0 [Note] Shutting down plugin 'INNODB_SYS_FOREIGN'
2019-11-22T07:03:11.331526Z 0 [Note] Shutting down plugin 'INNODB_SYS_FIELDS'
2019-11-22T07:03:11.332535Z 0 [Note] Shutting down plugin 'INNODB_SYS_COLUMNS'
2019-11-22T07:03:11.333539Z 0 [Note] Shutting down plugin 'INNODB_SYS_INDEXES'
2019-11-22T07:03:11.334539Z 0 [Note] Shutting down plugin 'INNODB_SYS_TABLESTATS'
2019-11-22T07:03:11.334539Z 0 [Note] Shutting down plugin 'INNODB_SYS_TABLES'
2019-11-22T07:03:11.335537Z 0 [Note] Shutting down plugin 'INNODB_FT_INDEX_TABLE'
2019-11-22T07:03:11.336538Z 0 [Note] Shutting down plugin 'INNODB_FT_INDEX_CACHE'
2019-11-22T07:03:11.337523Z 0 [Note] Shutting down plugin 'INNODB_FT_CONFIG'
2019-11-22T07:03:11.337523Z 0 [Note] Shutting down plugin 'INNODB_FT_BEING_DELETED'
2019-11-22T07:03:11.338522Z 0 [Note] Shutting down plugin 'INNODB_FT_DELETED'
2019-11-22T07:03:11.339528Z 0 [Note] Shutting down plugin 'INNODB_FT_DEFAULT_STOPWORD'
2019-11-22T07:03:11.340522Z 0 [Note] Shutting down plugin 'INNODB_METRICS'
2019-11-22T07:03:11.340522Z 0 [Note] Shutting down plugin 'INNODB_TEMP_TABLE_INFO'
2019-11-22T07:03:11.341530Z 0 [Note] Shutting down plugin 'INNODB_BUFFER_POOL_STATS'
2019-11-22T07:03:11.342530Z 0 [Note] Shutting down plugin 'INNODB_BUFFER_PAGE_LRU'
2019-11-22T07:03:11.343529Z 0 [Note] Shutting down plugin 'INNODB_BUFFER_PAGE'
2019-11-22T07:03:11.343529Z 0 [Note] Shutting down plugin 'INNODB_CMP_PER_INDEX_RESET'
2019-11-22T07:03:11.344529Z 0 [Note] Shutting down plugin 'INNODB_CMP_PER_INDEX'
2019-11-22T07:03:11.345528Z 0 [Note] Shutting down plugin 'INNODB_CMPMEM_RESET'
2019-11-22T07:03:11.346519Z 0 [Note] Shutting down plugin 'INNODB_CMPMEM'
2019-11-22T07:03:11.347517Z 0 [Note] Shutting down plugin 'INNODB_CMP_RESET'
2019-11-22T07:03:11.347517Z 0 [Note] Shutting down plugin 'INNODB_CMP'
2019-11-22T07:03:11.349518Z 0 [Note] Shutting down plugin 'INNODB_LOCK_WAITS'
2019-11-22T07:03:11.350516Z 0 [Note] Shutting down plugin 'INNODB_LOCKS'
2019-11-22T07:03:11.351515Z 0 [Note] Shutting down plugin 'INNODB_TRX'
2019-11-22T07:03:11.351515Z 0 [Note] Shutting down plugin 'InnoDB'
2019-11-22T07:03:11.352515Z 0 [Note] InnoDB: FTS optimize thread exiting.
2019-11-22T07:03:11.353514Z 0 [Note] InnoDB: Starting shutdown...
2019-11-22T07:03:11.455559Z 0 [Note] InnoDB: Dumping buffer pool(s) to D:\UwAmp\bin\database\mysql-5.7.11\data\ib_buffer_pool
2019-11-22T07:03:11.457558Z 0 [Note] InnoDB: Buffer pool(s) dump completed at 191122  8:03:11
2019-11-22T07:03:12.056529Z 0 [Note] InnoDB: Shutdown completed; log sequence number 5263579
2019-11-22T07:03:12.057529Z 0 [Note] InnoDB: Removed temporary tablespace data file: "ibtmp1"
2019-11-22T07:03:12.058528Z 0 [Note] Shutting down plugin 'MEMORY'
2019-11-22T07:03:12.059527Z 0 [Note] Shutting down plugin 'CSV'
2019-11-22T07:03:12.059527Z 0 [Note] Shutting down plugin 'sha256_password'
2019-11-22T07:03:12.060527Z 0 [Note] Shutting down plugin 'mysql_native_password'
2019-11-22T07:03:12.061526Z 0 [Note] Shutting down plugin 'binlog'
2019-11-22T07:03:12.062526Z 0 [Note] D:\UwAmp\bin\database\mysql-5.7.11\bin\mysqld.exe: Shutdown complete

2019-11-22T07:03:12.807098Z 0 [Warning] TIMESTAMP with implicit DEFAULT value is deprecated. Please use --explicit_defaults_for_timestamp server option (see documentation for more details).
2019-11-22T07:03:12.807098Z 0 [Warning] 'NO_ZERO_DATE', 'NO_ZERO_IN_DATE' and 'ERROR_FOR_DIVISION_BY_ZERO' sql modes should be used with strict mode. They will be merged with strict mode in a future release.
2019-11-22T07:03:12.807098Z 0 [Warning] 'NO_AUTO_CREATE_USER' sql mode was not set.
2019-11-22T07:03:12.807098Z 0 [Warning] Insecure configuration for --secure-file-priv: Current value does not restrict location of generated files. Consider setting it to a valid, non-empty path.
2019-11-22T07:03:12.807098Z 0 [Note] D:\UwAmp\bin\database\mysql-5.7.11\bin\mysqld.exe (mysqld 5.7.11) starting as process 5780 ...
2019-11-22T07:03:12.834082Z 0 [ERROR] Can't open shared library 'D:\UwAmp\bin\database\mysql-5.7.11\lib\plugin\keyring_file.dll' (errno: 126 Le module spécifié est introuvable.)
2019-11-22T07:03:12.836081Z 0 [ERROR] Couldn't load plugin named 'keyring_file' with soname 'keyring_file.dll'.
2019-11-22T07:03:12.838080Z 0 [Note] InnoDB: Mutexes and rw_locks use Windows interlocked functions
2019-11-22T07:03:12.839079Z 0 [Note] InnoDB: Uses event mutexes
2019-11-22T07:03:12.840078Z 0 [Note] InnoDB: Memory barrier is not used
2019-11-22T07:03:12.841078Z 0 [Note] InnoDB: Compressed tables use zlib 1.2.3
2019-11-22T07:03:12.844077Z 0 [Note] InnoDB: Number of pools: 1
2019-11-22T07:03:12.845076Z 0 [Note] InnoDB: Not using CPU crc32 instructions
2019-11-22T07:03:12.896046Z 0 [Note] InnoDB: Initializing buffer pool, total size = 128M, instances = 1, chunk size = 128M
2019-11-22T07:03:12.904042Z 0 [Note] InnoDB: Completed initialization of buffer pool
2019-11-22T07:03:13.324818Z 0 [Note] InnoDB: Highest supported file format is Barracuda.
2019-11-22T07:03:13.977424Z 0 [Note] InnoDB: Creating shared tablespace for temporary tables
2019-11-22T07:03:13.979423Z 0 [Note] InnoDB: Setting file '.\ibtmp1' size to 12 MB. Physically writing the file full; Please wait ...
2019-11-22T07:03:14.160318Z 0 [Note] InnoDB: File '.\ibtmp1' size is now 12 MB.
2019-11-22T07:03:14.163317Z 0 [Note] InnoDB: 96 redo rollback segment(s) found. 96 redo rollback segment(s) are active.
2019-11-22T07:03:14.165316Z 0 [Note] InnoDB: 32 non-redo rollback segment(s) are active.
2019-11-22T07:03:14.223282Z 0 [Note] InnoDB: 5.7.11 started; log sequence number 5263579
2019-11-22T07:03:14.226280Z 0 [Note] InnoDB: Loading buffer pool(s) from D:\UwAmp\bin\database\mysql-5.7.11\data\ib_buffer_pool
2019-11-22T07:03:14.229279Z 0 [Note] Plugin 'FEDERATED' is disabled.
2019-11-22T07:03:14.434161Z 0 [Warning] Failed to set up SSL because of the following SSL library error: SSL context is not usable without certificate and private key
2019-11-22T07:03:14.439158Z 0 [Note] Server hostname (bind-address): '*'; port: 3306
2019-11-22T07:03:14.440157Z 0 [Note] IPv6 is available.
2019-11-22T07:03:14.441157Z 0 [Note]   - '::' resolves to '::';
2019-11-22T07:03:14.442156Z 0 [Note] Server socket created on IP: '::'.
2019-11-22T07:03:14.574081Z 0 [Note] Event Scheduler: Loaded 0 events
2019-11-22T07:03:14.576080Z 0 [Note] D:\UwAmp\bin\database\mysql-5.7.11\bin\mysqld.exe: ready for connections.
Version: '5.7.11'  socket: ''  port: 3306  MySQL Community Server (GPL)
2019-11-22T07:03:14.673024Z 0 [Note] D:\UwAmp\bin\database\mysql-5.7.11\bin\mysqld.exe: Normal shutdown

2019-11-22T07:03:14.674023Z 0 [Note] Giving 0 client threads a chance to die gracefully
2019-11-22T07:03:14.675022Z 0 [Note] Shutting down slave threads
2019-11-22T07:03:14.676022Z 0 [Note] Forcefully disconnecting 0 remaining clients
2019-11-22T07:03:14.677021Z 0 [Note] Event Scheduler: Purging the queue. 0 events
2019-11-22T07:03:14.678020Z 0 [Note] Binlog end
2019-11-22T07:03:14.679020Z 0 [Note] Shutting down plugin 'ngram'
2019-11-22T07:03:14.680020Z 0 [Note] Shutting down plugin 'partition'
2019-11-22T07:03:14.681019Z 0 [Note] Shutting down plugin 'BLACKHOLE'
2019-11-22T07:03:14.681019Z 0 [Note] Shutting down plugin 'ARCHIVE'
2019-11-22T07:03:14.682018Z 0 [Note] Shutting down plugin 'PERFORMANCE_SCHEMA'
2019-11-22T07:03:14.683018Z 0 [Note] Shutting down plugin 'MRG_MYISAM'
2019-11-22T07:03:14.684017Z 0 [Note] Shutting down plugin 'MyISAM'
2019-11-22T07:03:14.684017Z 0 [Note] Shutting down plugin 'INNODB_SYS_VIRTUAL'
2019-11-22T07:03:14.685016Z 0 [Note] Shutting down plugin 'INNODB_SYS_DATAFILES'
2019-11-22T07:03:14.686016Z 0 [Note] Shutting down plugin 'INNODB_SYS_TABLESPACES'
2019-11-22T07:03:14.687015Z 0 [Note] Shutting down plugin 'INNODB_SYS_FOREIGN_COLS'
2019-11-22T07:03:14.687015Z 0 [Note] Shutting down plugin 'INNODB_SYS_FOREIGN'
2019-11-22T07:03:14.688014Z 0 [Note] Shutting down plugin 'INNODB_SYS_FIELDS'
2019-11-22T07:03:14.689014Z 0 [Note] Shutting down plugin 'INNODB_SYS_COLUMNS'
2019-11-22T07:03:14.690013Z 0 [Note] Shutting down plugin 'INNODB_SYS_INDEXES'
2019-11-22T07:03:14.690013Z 0 [Note] Shutting down plugin 'INNODB_SYS_TABLESTATS'
2019-11-22T07:03:14.691013Z 0 [Note] Shutting down plugin 'INNODB_SYS_TABLES'
2019-11-22T07:03:14.692012Z 0 [Note] Shutting down plugin 'INNODB_FT_INDEX_TABLE'
2019-11-22T07:03:14.693011Z 0 [Note] Shutting down plugin 'INNODB_FT_INDEX_CACHE'
2019-11-22T07:03:14.694012Z 0 [Note] Shutting down plugin 'INNODB_FT_CONFIG'
2019-11-22T07:03:14.694012Z 0 [Note] Shutting down plugin 'INNODB_FT_BEING_DELETED'
2019-11-22T07:03:14.695010Z 0 [Note] Shutting down plugin 'INNODB_FT_DELETED'
2019-11-22T07:03:14.696010Z 0 [Note] Shutting down plugin 'INNODB_FT_DEFAULT_STOPWORD'
2019-11-22T07:03:14.697009Z 0 [Note] Shutting down plugin 'INNODB_METRICS'
2019-11-22T07:03:14.698009Z 0 [Note] Shutting down plugin 'INNODB_TEMP_TABLE_INFO'
2019-11-22T07:03:14.698009Z 0 [Note] Shutting down plugin 'INNODB_BUFFER_POOL_STATS'
2019-11-22T07:03:14.699008Z 0 [Note] Shutting down plugin 'INNODB_BUFFER_PAGE_LRU'
2019-11-22T07:03:14.700008Z 0 [Note] Shutting down plugin 'INNODB_BUFFER_PAGE'
2019-11-22T07:03:14.701008Z 0 [Note] Shutting down plugin 'INNODB_CMP_PER_INDEX_RESET'
2019-11-22T07:03:14.702006Z 0 [Note] Shutting down plugin 'INNODB_CMP_PER_INDEX'
2019-11-22T07:03:14.702006Z 0 [Note] Shutting down plugin 'INNODB_CMPMEM_RESET'
2019-11-22T07:03:14.703006Z 0 [Note] Shutting down plugin 'INNODB_CMPMEM'
2019-11-22T07:03:14.704006Z 0 [Note] Shutting down plugin 'INNODB_CMP_RESET'
2019-11-22T07:03:14.705005Z 0 [Note] Shutting down plugin 'INNODB_CMP'
2019-11-22T07:03:14.705005Z 0 [Note] Shutting down plugin 'INNODB_LOCK_WAITS'
2019-11-22T07:03:14.706004Z 0 [Note] Shutting down plugin 'INNODB_LOCKS'
2019-11-22T07:03:14.707004Z 0 [Note] Shutting down plugin 'INNODB_TRX'
2019-11-22T07:03:14.708003Z 0 [Note] Shutting down plugin 'InnoDB'
2019-11-22T07:03:14.708003Z 0 [Note] InnoDB: FTS optimize thread exiting.
2019-11-22T07:03:14.709002Z 0 [Note] InnoDB: Starting shutdown...
2019-11-22T07:03:14.713000Z 0 [Note] InnoDB: Buffer pool(s) load completed at 191122  8:03:14
2019-11-22T07:03:14.714000Z 0 [Note] InnoDB: Dumping buffer pool(s) to D:\UwAmp\bin\database\mysql-5.7.11\data\ib_buffer_pool
2019-11-22T07:03:14.715999Z 0 [Note] InnoDB: Buffer pool(s) dump completed at 191122  8:03:14
2019-11-22T07:03:15.779414Z 0 [Note] InnoDB: Shutdown completed; log sequence number 5263598
2019-11-22T07:03:15.781412Z 0 [Note] InnoDB: Removed temporary tablespace data file: "ibtmp1"
2019-11-22T07:03:15.783411Z 0 [Note] Shutting down plugin 'MEMORY'
2019-11-22T07:03:15.783411Z 0 [Note] Shutting down plugin 'CSV'
2019-11-22T07:03:15.784410Z 0 [Note] Shutting down plugin 'sha256_password'
2019-11-22T07:03:15.785409Z 0 [Note] Shutting down plugin 'mysql_native_password'
2019-11-22T07:03:15.786409Z 0 [Note] Shutting down plugin 'binlog'
2019-11-22T07:03:15.790407Z 0 [Note] D:\UwAmp\bin\database\mysql-5.7.11\bin\mysqld.exe: Shutdown complete

2019-11-22T07:03:16.399056Z 0 [Warning] TIMESTAMP with implicit DEFAULT value is deprecated. Please use --explicit_defaults_for_timestamp server option (see documentation for more details).
2019-11-22T07:03:16.399056Z 0 [Warning] 'NO_ZERO_DATE', 'NO_ZERO_IN_DATE' and 'ERROR_FOR_DIVISION_BY_ZERO' sql modes should be used with strict mode. They will be merged with strict mode in a future release.
2019-11-22T07:03:16.399056Z 0 [Warning] 'NO_AUTO_CREATE_USER' sql mode was not set.
2019-11-22T07:03:16.399056Z 0 [Warning] Insecure configuration for --secure-file-priv: Current value does not restrict location of generated files. Consider setting it to a valid, non-empty path.
2019-11-22T07:03:16.399056Z 0 [Note] D:\UwAmp\bin\database\mysql-5.7.11\bin\mysqld.exe (mysqld 5.7.11) starting as process 7392 ...
2019-11-22T07:03:16.420045Z 0 [ERROR] Can't open shared library 'D:\UwAmp\bin\database\mysql-5.7.11\lib\plugin\keyring_file.dll' (errno: 126 Le module spécifié est introuvable.)
2019-11-22T07:03:16.422043Z 0 [ERROR] Couldn't load plugin named 'keyring_file' with soname 'keyring_file.dll'.
2019-11-22T07:03:16.424043Z 0 [Note] InnoDB: Mutexes and rw_locks use Windows interlocked functions
2019-11-22T07:03:16.425041Z 0 [Note] InnoDB: Uses event mutexes
2019-11-22T07:03:16.425041Z 0 [Note] InnoDB: Memory barrier is not used
2019-11-22T07:03:16.426040Z 0 [Note] InnoDB: Compressed tables use zlib 1.2.3
2019-11-22T07:03:16.429040Z 0 [Note] InnoDB: Number of pools: 1
2019-11-22T07:03:16.429040Z 0 [Note] InnoDB: Not using CPU crc32 instructions
2019-11-22T07:03:16.483010Z 0 [Note] InnoDB: Initializing buffer pool, total size = 128M, instances = 1, chunk size = 128M
2019-11-22T07:03:16.491004Z 0 [Note] InnoDB: Completed initialization of buffer pool
2019-11-22T07:03:17.001709Z 0 [Note] InnoDB: Highest supported file format is Barracuda.
2019-11-22T07:03:17.733288Z 0 [Note] InnoDB: Creating shared tablespace for temporary tables
2019-11-22T07:03:17.737286Z 0 [Note] InnoDB: Setting file '.\ibtmp1' size to 12 MB. Physically writing the file full; Please wait ...
2019-11-22T07:03:17.911185Z 0 [Note] InnoDB: File '.\ibtmp1' size is now 12 MB.
2019-11-22T07:03:17.916184Z 0 [Note] InnoDB: 96 redo rollback segment(s) found. 96 redo rollback segment(s) are active.
2019-11-22T07:03:17.917182Z 0 [Note] InnoDB: 32 non-redo rollback segment(s) are active.
2019-11-22T07:03:17.976148Z 0 [Note] InnoDB: 5.7.11 started; log sequence number 5263598
2019-11-22T07:03:18.000135Z 0 [Note] InnoDB: Loading buffer pool(s) from D:\UwAmp\bin\database\mysql-5.7.11\data\ib_buffer_pool
2019-11-22T07:03:18.003133Z 0 [Note] Plugin 'FEDERATED' is disabled.
2019-11-22T07:03:18.243994Z 0 [Warning] Failed to set up SSL because of the following SSL library error: SSL context is not usable without certificate and private key
2019-11-22T07:03:18.248991Z 0 [Note] Server hostname (bind-address): '*'; port: 3306
2019-11-22T07:03:18.249990Z 0 [Note] IPv6 is available.
2019-11-22T07:03:18.250991Z 0 [Note]   - '::' resolves to '::';
2019-11-22T07:03:18.251990Z 0 [Note] Server socket created on IP: '::'.
2019-11-22T07:03:18.353931Z 0 [Note] Event Scheduler: Loaded 0 events
2019-11-22T07:03:18.355930Z 0 [Note] D:\UwAmp\bin\database\mysql-5.7.11\bin\mysqld.exe: ready for connections.
Version: '5.7.11'  socket: ''  port: 3306  MySQL Community Server (GPL)
2019-11-22T07:03:18.483865Z 0 [Note] InnoDB: Buffer pool(s) load completed at 191122  8:03:18
2019-11-22T07:38:52.485171Z 0 [Note] D:\UwAmp\bin\database\mysql-5.7.11\bin\mysqld.exe: Normal shutdown

2019-11-22T07:38:52.488169Z 0 [Note] Giving 0 client threads a chance to die gracefully
2019-11-22T07:38:52.489168Z 0 [Note] Shutting down slave threads
2019-11-22T07:38:52.489168Z 0 [Note] Forcefully disconnecting 0 remaining clients
2019-11-22T07:38:52.490168Z 0 [Note] Event Scheduler: Purging the queue. 0 events
2019-11-22T07:38:52.491167Z 0 [Note] Binlog end
2019-11-22T07:38:52.494166Z 0 [Note] Shutting down plugin 'ngram'
2019-11-22T07:38:52.495166Z 0 [Note] Shutting down plugin 'partition'
2019-11-22T07:38:52.496164Z 0 [Note] Shutting down plugin 'BLACKHOLE'
2019-11-22T07:38:52.496164Z 0 [Note] Shutting down plugin 'ARCHIVE'
2019-11-22T07:38:52.497163Z 0 [Note] Shutting down plugin 'PERFORMANCE_SCHEMA'
2019-11-22T07:38:52.498163Z 0 [Note] Shutting down plugin 'MRG_MYISAM'
2019-11-22T07:38:52.499162Z 0 [Note] Shutting down plugin 'MyISAM'
2019-11-22T07:38:52.499162Z 0 [Note] Shutting down plugin 'INNODB_SYS_VIRTUAL'
2019-11-22T07:38:52.500162Z 0 [Note] Shutting down plugin 'INNODB_SYS_DATAFILES'
2019-11-22T07:38:52.501161Z 0 [Note] Shutting down plugin 'INNODB_SYS_TABLESPACES'
2019-11-22T07:38:52.502161Z 0 [Note] Shutting down plugin 'INNODB_SYS_FOREIGN_COLS'
2019-11-22T07:38:52.503160Z 0 [Note] Shutting down plugin 'INNODB_SYS_FOREIGN'
2019-11-22T07:38:52.503160Z 0 [Note] Shutting down plugin 'INNODB_SYS_FIELDS'
2019-11-22T07:38:52.504159Z 0 [Note] Shutting down plugin 'INNODB_SYS_COLUMNS'
2019-11-22T07:38:52.505159Z 0 [Note] Shutting down plugin 'INNODB_SYS_INDEXES'
2019-11-22T07:38:52.506158Z 0 [Note] Shutting down plugin 'INNODB_SYS_TABLESTATS'
2019-11-22T07:38:52.506158Z 0 [Note] Shutting down plugin 'INNODB_SYS_TABLES'
2019-11-22T07:38:52.507157Z 0 [Note] Shutting down plugin 'INNODB_FT_INDEX_TABLE'
2019-11-22T07:38:52.508157Z 0 [Note] Shutting down plugin 'INNODB_FT_INDEX_CACHE'
2019-11-22T07:38:52.509156Z 0 [Note] Shutting down plugin 'INNODB_FT_CONFIG'
2019-11-22T07:38:52.510156Z 0 [Note] Shutting down plugin 'INNODB_FT_BEING_DELETED'
2019-11-22T07:38:52.511155Z 0 [Note] Shutting down plugin 'INNODB_FT_DELETED'
2019-11-22T07:38:52.511155Z 0 [Note] Shutting down plugin 'INNODB_FT_DEFAULT_STOPWORD'
2019-11-22T07:38:52.512155Z 0 [Note] Shutting down plugin 'INNODB_METRICS'
2019-11-22T07:38:52.513154Z 0 [Note] Shutting down plugin 'INNODB_TEMP_TABLE_INFO'
2019-11-22T07:38:52.514154Z 0 [Note] Shutting down plugin 'INNODB_BUFFER_POOL_STATS'
2019-11-22T07:38:52.515153Z 0 [Note] Shutting down plugin 'INNODB_BUFFER_PAGE_LRU'
2019-11-22T07:38:52.515153Z 0 [Note] Shutting down plugin 'INNODB_BUFFER_PAGE'
2019-11-22T07:38:52.516152Z 0 [Note] Shutting down plugin 'INNODB_CMP_PER_INDEX_RESET'
2019-11-22T07:38:52.517152Z 0 [Note] Shutting down plugin 'INNODB_CMP_PER_INDEX'
2019-11-22T07:38:52.518151Z 0 [Note] Shutting down plugin 'INNODB_CMPMEM_RESET'
2019-11-22T07:38:52.519153Z 0 [Note] Shutting down plugin 'INNODB_CMPMEM'
2019-11-22T07:38:52.519153Z 0 [Note] Shutting down plugin 'INNODB_CMP_RESET'
2019-11-22T07:38:52.520150Z 0 [Note] Shutting down plugin 'INNODB_CMP'
2019-11-22T07:38:52.521150Z 0 [Note] Shutting down plugin 'INNODB_LOCK_WAITS'
2019-11-22T07:38:52.522149Z 0 [Note] Shutting down plugin 'INNODB_LOCKS'
2019-11-22T07:38:52.522149Z 0 [Note] Shutting down plugin 'INNODB_TRX'
2019-11-22T07:38:52.523148Z 0 [Note] Shutting down plugin 'InnoDB'
2019-11-22T07:38:52.524148Z 0 [Note] InnoDB: FTS optimize thread exiting.
2019-11-22T07:38:52.525148Z 0 [Note] InnoDB: Starting shutdown...
2019-11-22T07:38:52.626144Z 0 [Note] InnoDB: Dumping buffer pool(s) to D:\UwAmp\bin\database\mysql-5.7.11\data\ib_buffer_pool
2019-11-22T07:38:52.632141Z 0 [Note] InnoDB: Buffer pool(s) dump completed at 191122  8:38:52
2019-11-22T07:38:54.029056Z 0 [Note] InnoDB: Shutdown completed; log sequence number 5611280
2019-11-22T07:38:54.031056Z 0 [Note] InnoDB: Removed temporary tablespace data file: "ibtmp1"
2019-11-22T07:38:54.032049Z 0 [Note] Shutting down plugin 'MEMORY'
2019-11-22T07:38:54.033054Z 0 [Note] Shutting down plugin 'CSV'
2019-11-22T07:38:54.033054Z 0 [Note] Shutting down plugin 'sha256_password'
2019-11-22T07:38:54.034052Z 0 [Note] Shutting down plugin 'mysql_native_password'
2019-11-22T07:38:54.035053Z 0 [Note] Shutting down plugin 'binlog'
2019-11-22T07:38:54.037032Z 0 [Note] D:\UwAmp\bin\database\mysql-5.7.11\bin\mysqld.exe: Shutdown complete

