2019-11-22T12:26:41.278517Z 0 [Warning] TIMESTAMP with implicit DEFAULT value is deprecated. Please use --explicit_defaults_for_timestamp server option (see documentation for more details).
2019-11-22T12:26:41.278517Z 0 [Warning] 'NO_ZERO_DATE', 'NO_ZERO_IN_DATE' and 'ERROR_FOR_DIVISION_BY_ZERO' sql modes should be used with strict mode. They will be merged with strict mode in a future release.
2019-11-22T12:26:41.278517Z 0 [Warning] 'NO_AUTO_CREATE_USER' sql mode was not set.
2019-11-22T12:26:41.278517Z 0 [Warning] Insecure configuration for --secure-file-priv: Current value does not restrict location of generated files. Consider setting it to a valid, non-empty path.
2019-11-22T12:26:41.279517Z 0 [Note] D:\ProjetTut\bin\database\mysql-5.7.11\bin\mysqld.exe (mysqld 5.7.11) starting as process 9908 ...
2019-11-22T12:26:41.315496Z 0 [ERROR] Can't open shared library 'D:\ProjetTut\bin\database\mysql-5.7.11\lib\plugin\keyring_file.dll' (errno: 126 Le module spécifié est introuvable.)
2019-11-22T12:26:41.317496Z 0 [ERROR] Couldn't load plugin named 'keyring_file' with soname 'keyring_file.dll'.
2019-11-22T12:26:41.319494Z 0 [Note] InnoDB: Mutexes and rw_locks use Windows interlocked functions
2019-11-22T12:26:41.320495Z 0 [Note] InnoDB: Uses event mutexes
2019-11-22T12:26:41.321493Z 0 [Note] InnoDB: Memory barrier is not used
2019-11-22T12:26:41.322492Z 0 [Note] InnoDB: Compressed tables use zlib 1.2.3
2019-11-22T12:26:41.323492Z 0 [Note] InnoDB: Number of pools: 1
2019-11-22T12:26:41.324491Z 0 [Note] InnoDB: Not using CPU crc32 instructions
2019-11-22T12:26:41.399448Z 0 [Note] InnoDB: Initializing buffer pool, total size = 128M, instances = 1, chunk size = 128M
2019-11-22T12:26:41.409442Z 0 [Note] InnoDB: Completed initialization of buffer pool
2019-11-22T12:26:41.503388Z 0 [Note] InnoDB: Highest supported file format is Barracuda.
2019-11-22T12:26:41.520378Z 0 [Note] InnoDB: Log scan progressed past the checkpoint lsn 5263542
2019-11-22T12:26:41.521378Z 0 [Note] InnoDB: Doing recovery: scanned up to log sequence number 5263551
2019-11-22T12:26:41.524376Z 0 [Note] InnoDB: Doing recovery: scanned up to log sequence number 5263551
2019-11-22T12:26:41.525375Z 0 [Note] InnoDB: Database was not shutdown normally!
2019-11-22T12:26:41.526375Z 0 [Note] InnoDB: Starting crash recovery.
2019-11-22T12:26:42.486378Z 0 [Note] InnoDB: Removed temporary tablespace data file: "ibtmp1"
2019-11-22T12:26:42.487378Z 0 [Note] InnoDB: Creating shared tablespace for temporary tables
2019-11-22T12:26:42.488378Z 0 [Note] InnoDB: Setting file '.\ibtmp1' size to 12 MB. Physically writing the file full; Please wait ...
2019-11-22T12:26:42.674287Z 0 [Note] InnoDB: File '.\ibtmp1' size is now 12 MB.
2019-11-22T12:26:42.677268Z 0 [Note] InnoDB: 96 redo rollback segment(s) found. 96 redo rollback segment(s) are active.
2019-11-22T12:26:42.678268Z 0 [Note] InnoDB: 32 non-redo rollback segment(s) are active.
2019-11-22T12:26:42.708250Z 0 [Note] InnoDB: 5.7.11 started; log sequence number 5263551
2019-11-22T12:26:42.710250Z 0 [Note] InnoDB: Loading buffer pool(s) from D:\ProjetTut\bin\database\mysql-5.7.11\data\ib_buffer_pool
2019-11-22T12:26:42.711249Z 0 [Note] Plugin 'FEDERATED' is disabled.
2019-11-22T12:26:42.888147Z 0 [Warning] Failed to set up SSL because of the following SSL library error: SSL context is not usable without certificate and private key
2019-11-22T12:26:42.893144Z 0 [Note] Server hostname (bind-address): '*'; port: 3306
2019-11-22T12:26:42.894143Z 0 [Note] IPv6 is available.
2019-11-22T12:26:42.895143Z 0 [Note]   - '::' resolves to '::';
2019-11-22T12:26:42.895143Z 0 [Note] Server socket created on IP: '::'.
2019-11-22T12:26:42.988089Z 0 [Note] InnoDB: Buffer pool(s) load completed at 191122 13:26:42
2019-11-22T12:26:43.205963Z 0 [Note] Event Scheduler: Loaded 0 events
2019-11-22T12:26:43.207962Z 0 [Note] D:\ProjetTut\bin\database\mysql-5.7.11\bin\mysqld.exe: ready for connections.
Version: '5.7.11'  socket: ''  port: 3306  MySQL Community Server (GPL)
2019-11-22T12:26:56.297567Z 0 [Note] D:\ProjetTut\bin\database\mysql-5.7.11\bin\mysqld.exe: Normal shutdown

2019-11-22T12:26:56.299552Z 0 [Note] Giving 0 client threads a chance to die gracefully
2019-11-22T12:26:56.299552Z 0 [Note] Shutting down slave threads
2019-11-22T12:26:56.300552Z 0 [Note] Forcefully disconnecting 0 remaining clients
2019-11-22T12:26:56.301551Z 0 [Note] Event Scheduler: Purging the queue. 0 events
2019-11-22T12:26:56.302551Z 0 [Note] Binlog end
2019-11-22T12:26:56.303550Z 0 [Note] Shutting down plugin 'ngram'
2019-11-22T12:26:56.303550Z 0 [Note] Shutting down plugin 'partition'
2019-11-22T12:26:56.304549Z 0 [Note] Shutting down plugin 'BLACKHOLE'
2019-11-22T12:26:56.305549Z 0 [Note] Shutting down plugin 'ARCHIVE'
2019-11-22T12:26:56.305549Z 0 [Note] Shutting down plugin 'PERFORMANCE_SCHEMA'
2019-11-22T12:26:56.306548Z 0 [Note] Shutting down plugin 'MRG_MYISAM'
2019-11-22T12:26:56.307561Z 0 [Note] Shutting down plugin 'MyISAM'
2019-11-22T12:26:56.307561Z 0 [Note] Shutting down plugin 'INNODB_SYS_VIRTUAL'
2019-11-22T12:26:56.308566Z 0 [Note] Shutting down plugin 'INNODB_SYS_DATAFILES'
2019-11-22T12:26:56.309560Z 0 [Note] Shutting down plugin 'INNODB_SYS_TABLESPACES'
2019-11-22T12:26:56.310559Z 0 [Note] Shutting down plugin 'INNODB_SYS_FOREIGN_COLS'
2019-11-22T12:26:56.310559Z 0 [Note] Shutting down plugin 'INNODB_SYS_FOREIGN'
2019-11-22T12:26:56.311558Z 0 [Note] Shutting down plugin 'INNODB_SYS_FIELDS'
2019-11-22T12:26:56.312558Z 0 [Note] Shutting down plugin 'INNODB_SYS_COLUMNS'
2019-11-22T12:26:56.312558Z 0 [Note] Shutting down plugin 'INNODB_SYS_INDEXES'
2019-11-22T12:26:56.313557Z 0 [Note] Shutting down plugin 'INNODB_SYS_TABLESTATS'
2019-11-22T12:26:56.314550Z 0 [Note] Shutting down plugin 'INNODB_SYS_TABLES'
2019-11-22T12:26:56.315557Z 0 [Note] Shutting down plugin 'INNODB_FT_INDEX_TABLE'
2019-11-22T12:26:56.316556Z 0 [Note] Shutting down plugin 'INNODB_FT_INDEX_CACHE'
2019-11-22T12:26:56.316556Z 0 [Note] Shutting down plugin 'INNODB_FT_CONFIG'
2019-11-22T12:26:56.317555Z 0 [Note] Shutting down plugin 'INNODB_FT_BEING_DELETED'
2019-11-22T12:26:56.318554Z 0 [Note] Shutting down plugin 'INNODB_FT_DELETED'
2019-11-22T12:26:56.318554Z 0 [Note] Shutting down plugin 'INNODB_FT_DEFAULT_STOPWORD'
2019-11-22T12:26:56.319554Z 0 [Note] Shutting down plugin 'INNODB_METRICS'
2019-11-22T12:26:56.320553Z 0 [Note] Shutting down plugin 'INNODB_TEMP_TABLE_INFO'
2019-11-22T12:26:56.320553Z 0 [Note] Shutting down plugin 'INNODB_BUFFER_POOL_STATS'
2019-11-22T12:26:56.321552Z 0 [Note] Shutting down plugin 'INNODB_BUFFER_PAGE_LRU'
2019-11-22T12:26:56.322552Z 0 [Note] Shutting down plugin 'INNODB_BUFFER_PAGE'
2019-11-22T12:26:56.323551Z 0 [Note] Shutting down plugin 'INNODB_CMP_PER_INDEX_RESET'
2019-11-22T12:26:56.323551Z 0 [Note] Shutting down plugin 'INNODB_CMP_PER_INDEX'
2019-11-22T12:26:56.324551Z 0 [Note] Shutting down plugin 'INNODB_CMPMEM_RESET'
2019-11-22T12:26:56.325551Z 0 [Note] Shutting down plugin 'INNODB_CMPMEM'
2019-11-22T12:26:56.325551Z 0 [Note] Shutting down plugin 'INNODB_CMP_RESET'
2019-11-22T12:26:56.326550Z 0 [Note] Shutting down plugin 'INNODB_CMP'
2019-11-22T12:26:56.327537Z 0 [Note] Shutting down plugin 'INNODB_LOCK_WAITS'
2019-11-22T12:26:56.327537Z 0 [Note] Shutting down plugin 'INNODB_LOCKS'
2019-11-22T12:26:56.328549Z 0 [Note] Shutting down plugin 'INNODB_TRX'
2019-11-22T12:26:56.329548Z 0 [Note] Shutting down plugin 'InnoDB'
2019-11-22T12:26:56.329548Z 0 [Note] InnoDB: FTS optimize thread exiting.
2019-11-22T12:26:56.330561Z 0 [Note] InnoDB: Starting shutdown...
2019-11-22T12:26:56.431911Z 0 [Note] InnoDB: Dumping buffer pool(s) to D:\ProjetTut\bin\database\mysql-5.7.11\data\ib_buffer_pool
2019-11-22T12:26:56.440879Z 0 [Note] InnoDB: Buffer pool(s) dump completed at 191122 13:26:56
2019-11-22T12:26:57.447936Z 0 [Note] InnoDB: Shutdown completed; log sequence number 5263579
2019-11-22T12:26:57.449934Z 0 [Note] InnoDB: Removed temporary tablespace data file: "ibtmp1"
2019-11-22T12:26:57.450934Z 0 [Note] Shutting down plugin 'MEMORY'
2019-11-22T12:26:57.450934Z 0 [Note] Shutting down plugin 'CSV'
2019-11-22T12:26:57.451933Z 0 [Note] Shutting down plugin 'sha256_password'
2019-11-22T12:26:57.452933Z 0 [Note] Shutting down plugin 'mysql_native_password'
2019-11-22T12:26:57.453932Z 0 [Note] Shutting down plugin 'binlog'
2019-11-22T12:26:57.454931Z 0 [Note] D:\ProjetTut\bin\database\mysql-5.7.11\bin\mysqld.exe: Shutdown complete

2019-11-22T12:26:57.847537Z 0 [Warning] TIMESTAMP with implicit DEFAULT value is deprecated. Please use --explicit_defaults_for_timestamp server option (see documentation for more details).
2019-11-22T12:26:57.847537Z 0 [Warning] 'NO_ZERO_DATE', 'NO_ZERO_IN_DATE' and 'ERROR_FOR_DIVISION_BY_ZERO' sql modes should be used with strict mode. They will be merged with strict mode in a future release.
2019-11-22T12:26:57.847537Z 0 [Warning] 'NO_AUTO_CREATE_USER' sql mode was not set.
2019-11-22T12:26:57.847537Z 0 [Warning] Insecure configuration for --secure-file-priv: Current value does not restrict location of generated files. Consider setting it to a valid, non-empty path.
2019-11-22T12:26:57.847537Z 0 [Note] D:\ProjetTut\bin\database\mysql-5.7.11\bin\mysqld.exe (mysqld 5.7.11) starting as process 9552 ...
2019-11-22T12:26:57.864545Z 0 [ERROR] Can't open shared library 'D:\ProjetTut\bin\database\mysql-5.7.11\lib\plugin\keyring_file.dll' (errno: 126 Le module spécifié est introuvable.)
2019-11-22T12:26:57.866526Z 0 [ERROR] Couldn't load plugin named 'keyring_file' with soname 'keyring_file.dll'.
2019-11-22T12:26:57.868525Z 0 [Note] InnoDB: Mutexes and rw_locks use Windows interlocked functions
2019-11-22T12:26:57.869525Z 0 [Note] InnoDB: Uses event mutexes
2019-11-22T12:26:57.870524Z 0 [Note] InnoDB: Memory barrier is not used
2019-11-22T12:26:57.871523Z 0 [Note] InnoDB: Compressed tables use zlib 1.2.3
2019-11-22T12:26:57.872523Z 0 [Note] InnoDB: Number of pools: 1
2019-11-22T12:26:57.873522Z 0 [Note] InnoDB: Not using CPU crc32 instructions
2019-11-22T12:26:57.922494Z 0 [Note] InnoDB: Initializing buffer pool, total size = 128M, instances = 1, chunk size = 128M
2019-11-22T12:26:57.930489Z 0 [Note] InnoDB: Completed initialization of buffer pool
2019-11-22T12:26:57.987456Z 0 [Note] InnoDB: Highest supported file format is Barracuda.
2019-11-22T12:26:58.250305Z 0 [Note] InnoDB: Creating shared tablespace for temporary tables
2019-11-22T12:26:58.251305Z 0 [Note] InnoDB: Setting file '.\ibtmp1' size to 12 MB. Physically writing the file full; Please wait ...
2019-11-22T12:26:58.414211Z 0 [Note] InnoDB: File '.\ibtmp1' size is now 12 MB.
2019-11-22T12:26:58.417209Z 0 [Note] InnoDB: 96 redo rollback segment(s) found. 96 redo rollback segment(s) are active.
2019-11-22T12:26:58.419208Z 0 [Note] InnoDB: 32 non-redo rollback segment(s) are active.
2019-11-22T12:26:58.442195Z 0 [Note] InnoDB: 5.7.11 started; log sequence number 5263579
2019-11-22T12:26:58.444193Z 0 [Note] InnoDB: Loading buffer pool(s) from D:\ProjetTut\bin\database\mysql-5.7.11\data\ib_buffer_pool
2019-11-22T12:26:58.447191Z 0 [Note] Plugin 'FEDERATED' is disabled.
2019-11-22T12:26:58.498162Z 0 [Warning] Failed to set up SSL because of the following SSL library error: SSL context is not usable without certificate and private key
2019-11-22T12:26:58.503160Z 0 [Note] Server hostname (bind-address): '*'; port: 3306
2019-11-22T12:26:58.504159Z 0 [Note] IPv6 is available.
2019-11-22T12:26:58.505158Z 0 [Note]   - '::' resolves to '::';
2019-11-22T12:26:58.506158Z 0 [Note] Server socket created on IP: '::'.
2019-11-22T12:26:58.564124Z 0 [Note] InnoDB: Buffer pool(s) load completed at 191122 13:26:58
2019-11-22T12:26:58.568122Z 0 [Note] Event Scheduler: Loaded 0 events
2019-11-22T12:26:58.570121Z 0 [Note] D:\ProjetTut\bin\database\mysql-5.7.11\bin\mysqld.exe: ready for connections.
Version: '5.7.11'  socket: ''  port: 3306  MySQL Community Server (GPL)
2019-11-22T13:18:27.277537Z 0 [Note] D:\ProjetTut\bin\database\mysql-5.7.11\bin\mysqld.exe: Normal shutdown

2019-11-22T13:18:27.279535Z 0 [Note] Giving 0 client threads a chance to die gracefully
2019-11-22T13:18:27.280535Z 0 [Note] Shutting down slave threads
2019-11-22T13:18:27.281534Z 0 [Note] Forcefully disconnecting 0 remaining clients
2019-11-22T13:18:27.281534Z 0 [Note] Event Scheduler: Purging the queue. 0 events
2019-11-22T13:18:27.282533Z 0 [Note] Binlog end
2019-11-22T13:18:27.285532Z 0 [Note] Shutting down plugin 'ngram'
2019-11-22T13:18:27.285532Z 0 [Note] Shutting down plugin 'partition'
2019-11-22T13:18:27.286532Z 0 [Note] Shutting down plugin 'BLACKHOLE'
2019-11-22T13:18:27.287530Z 0 [Note] Shutting down plugin 'ARCHIVE'
2019-11-22T13:18:27.287530Z 0 [Note] Shutting down plugin 'PERFORMANCE_SCHEMA'
2019-11-22T13:18:27.288530Z 0 [Note] Shutting down plugin 'MRG_MYISAM'
2019-11-22T13:18:27.289529Z 0 [Note] Shutting down plugin 'MyISAM'
2019-11-22T13:18:27.289529Z 0 [Note] Shutting down plugin 'INNODB_SYS_VIRTUAL'
2019-11-22T13:18:27.290529Z 0 [Note] Shutting down plugin 'INNODB_SYS_DATAFILES'
2019-11-22T13:18:27.291528Z 0 [Note] Shutting down plugin 'INNODB_SYS_TABLESPACES'
2019-11-22T13:18:27.292528Z 0 [Note] Shutting down plugin 'INNODB_SYS_FOREIGN_COLS'
2019-11-22T13:18:27.293527Z 0 [Note] Shutting down plugin 'INNODB_SYS_FOREIGN'
2019-11-22T13:18:27.293527Z 0 [Note] Shutting down plugin 'INNODB_SYS_FIELDS'
2019-11-22T13:18:27.294526Z 0 [Note] Shutting down plugin 'INNODB_SYS_COLUMNS'
2019-11-22T13:18:27.295525Z 0 [Note] Shutting down plugin 'INNODB_SYS_INDEXES'
2019-11-22T13:18:27.296525Z 0 [Note] Shutting down plugin 'INNODB_SYS_TABLESTATS'
2019-11-22T13:18:27.296525Z 0 [Note] Shutting down plugin 'INNODB_SYS_TABLES'
2019-11-22T13:18:27.297524Z 0 [Note] Shutting down plugin 'INNODB_FT_INDEX_TABLE'
2019-11-22T13:18:27.298524Z 0 [Note] Shutting down plugin 'INNODB_FT_INDEX_CACHE'
2019-11-22T13:18:27.299524Z 0 [Note] Shutting down plugin 'INNODB_FT_CONFIG'
2019-11-22T13:18:27.300523Z 0 [Note] Shutting down plugin 'INNODB_FT_BEING_DELETED'
2019-11-22T13:18:27.300523Z 0 [Note] Shutting down plugin 'INNODB_FT_DELETED'
2019-11-22T13:18:27.301522Z 0 [Note] Shutting down plugin 'INNODB_FT_DEFAULT_STOPWORD'
2019-11-22T13:18:27.302521Z 0 [Note] Shutting down plugin 'INNODB_METRICS'
2019-11-22T13:18:27.303521Z 0 [Note] Shutting down plugin 'INNODB_TEMP_TABLE_INFO'
2019-11-22T13:18:27.303521Z 0 [Note] Shutting down plugin 'INNODB_BUFFER_POOL_STATS'
2019-11-22T13:18:27.304520Z 0 [Note] Shutting down plugin 'INNODB_BUFFER_PAGE_LRU'
2019-11-22T13:18:27.305520Z 0 [Note] Shutting down plugin 'INNODB_BUFFER_PAGE'
2019-11-22T13:18:27.306519Z 0 [Note] Shutting down plugin 'INNODB_CMP_PER_INDEX_RESET'
2019-11-22T13:18:27.307519Z 0 [Note] Shutting down plugin 'INNODB_CMP_PER_INDEX'
2019-11-22T13:18:27.307519Z 0 [Note] Shutting down plugin 'INNODB_CMPMEM_RESET'
2019-11-22T13:18:27.308518Z 0 [Note] Shutting down plugin 'INNODB_CMPMEM'
2019-11-22T13:18:27.309518Z 0 [Note] Shutting down plugin 'INNODB_CMP_RESET'
2019-11-22T13:18:27.309518Z 0 [Note] Shutting down plugin 'INNODB_CMP'
2019-11-22T13:18:27.310517Z 0 [Note] Shutting down plugin 'INNODB_LOCK_WAITS'
2019-11-22T13:18:27.311516Z 0 [Note] Shutting down plugin 'INNODB_LOCKS'
2019-11-22T13:18:27.312516Z 0 [Note] Shutting down plugin 'INNODB_TRX'
2019-11-22T13:18:27.312516Z 0 [Note] Shutting down plugin 'InnoDB'
2019-11-22T13:18:27.313516Z 0 [Note] InnoDB: FTS optimize thread exiting.
2019-11-22T13:18:27.314515Z 0 [Note] InnoDB: Starting shutdown...
2019-11-22T13:18:27.415825Z 0 [Note] InnoDB: Dumping buffer pool(s) to D:\ProjetTut\bin\database\mysql-5.7.11\data\ib_buffer_pool
2019-11-22T13:18:27.425819Z 0 [Note] InnoDB: Buffer pool(s) dump completed at 191122 14:18:27
2019-11-22T13:18:28.578631Z 0 [Note] InnoDB: Shutdown completed; log sequence number 8558999
2019-11-22T13:18:28.579631Z 0 [Note] InnoDB: Removed temporary tablespace data file: "ibtmp1"
2019-11-22T13:18:28.580648Z 0 [Note] Shutting down plugin 'MEMORY'
2019-11-22T13:18:28.580648Z 0 [Note] Shutting down plugin 'CSV'
2019-11-22T13:18:28.581648Z 0 [Note] Shutting down plugin 'sha256_password'
2019-11-22T13:18:28.582647Z 0 [Note] Shutting down plugin 'mysql_native_password'
2019-11-22T13:18:28.583628Z 0 [Note] Shutting down plugin 'binlog'
2019-11-22T13:18:28.584628Z 0 [Note] D:\ProjetTut\bin\database\mysql-5.7.11\bin\mysqld.exe: Shutdown complete

2019-11-22T13:22:21.781111Z 0 [Warning] TIMESTAMP with implicit DEFAULT value is deprecated. Please use --explicit_defaults_for_timestamp server option (see documentation for more details).
2019-11-22T13:22:21.781111Z 0 [Warning] 'NO_ZERO_DATE', 'NO_ZERO_IN_DATE' and 'ERROR_FOR_DIVISION_BY_ZERO' sql modes should be used with strict mode. They will be merged with strict mode in a future release.
2019-11-22T13:22:21.781111Z 0 [Warning] 'NO_AUTO_CREATE_USER' sql mode was not set.
2019-11-22T13:22:21.781111Z 0 [Warning] Insecure configuration for --secure-file-priv: Current value does not restrict location of generated files. Consider setting it to a valid, non-empty path.
2019-11-22T13:22:21.781111Z 0 [Note] D:\ProjetTut\bin\database\mysql-5.7.11\bin\mysqld.exe (mysqld 5.7.11) starting as process 10204 ...
2019-11-22T13:22:21.796102Z 0 [ERROR] Can't open shared library 'D:\ProjetTut\bin\database\mysql-5.7.11\lib\plugin\keyring_file.dll' (errno: 126 Le module spécifié est introuvable.)
2019-11-22T13:22:21.798083Z 0 [ERROR] Couldn't load plugin named 'keyring_file' with soname 'keyring_file.dll'.
2019-11-22T13:22:21.800100Z 0 [Note] InnoDB: Mutexes and rw_locks use Windows interlocked functions
2019-11-22T13:22:21.801099Z 0 [Note] InnoDB: Uses event mutexes
2019-11-22T13:22:21.802099Z 0 [Note] InnoDB: Memory barrier is not used
2019-11-22T13:22:21.802099Z 0 [Note] InnoDB: Compressed tables use zlib 1.2.3
2019-11-22T13:22:21.804097Z 0 [Note] InnoDB: Number of pools: 1
2019-11-22T13:22:21.804097Z 0 [Note] InnoDB: Not using CPU crc32 instructions
2019-11-22T13:22:21.853070Z 0 [Note] InnoDB: Initializing buffer pool, total size = 128M, instances = 1, chunk size = 128M
2019-11-22T13:22:21.860066Z 0 [Note] InnoDB: Completed initialization of buffer pool
2019-11-22T13:22:21.933005Z 0 [Note] InnoDB: Highest supported file format is Barracuda.
2019-11-22T13:22:22.252821Z 0 [Note] InnoDB: Creating shared tablespace for temporary tables
2019-11-22T13:22:22.253820Z 0 [Note] InnoDB: Setting file '.\ibtmp1' size to 12 MB. Physically writing the file full; Please wait ...
2019-11-22T13:22:22.409730Z 0 [Note] InnoDB: File '.\ibtmp1' size is now 12 MB.
2019-11-22T13:22:22.412728Z 0 [Note] InnoDB: 96 redo rollback segment(s) found. 96 redo rollback segment(s) are active.
2019-11-22T13:22:22.414727Z 0 [Note] InnoDB: 32 non-redo rollback segment(s) are active.
2019-11-22T13:22:22.437714Z 0 [Note] InnoDB: 5.7.11 started; log sequence number 8558999
2019-11-22T13:22:22.439713Z 0 [Note] InnoDB: Loading buffer pool(s) from D:\ProjetTut\bin\database\mysql-5.7.11\data\ib_buffer_pool
2019-11-22T13:22:22.441712Z 0 [Note] Plugin 'FEDERATED' is disabled.
2019-11-22T13:22:22.541655Z 0 [Warning] Failed to set up SSL because of the following SSL library error: SSL context is not usable without certificate and private key
2019-11-22T13:22:22.545652Z 0 [Note] Server hostname (bind-address): '*'; port: 3306
2019-11-22T13:22:22.546652Z 0 [Note] IPv6 is available.
2019-11-22T13:22:22.547651Z 0 [Note]   - '::' resolves to '::';
2019-11-22T13:22:22.548651Z 0 [Note] Server socket created on IP: '::'.
2019-11-22T13:22:22.669581Z 0 [Note] InnoDB: Buffer pool(s) load completed at 191122 14:22:22
2019-11-22T13:22:22.701562Z 0 [Note] Event Scheduler: Loaded 0 events
2019-11-22T13:22:22.704561Z 0 [Note] D:\ProjetTut\bin\database\mysql-5.7.11\bin\mysqld.exe: ready for connections.
Version: '5.7.11'  socket: ''  port: 3306  MySQL Community Server (GPL)
2019-11-22T13:27:54.076108Z 0 [Note] D:\ProjetTut\bin\database\mysql-5.7.11\bin\mysqld.exe: Normal shutdown

2019-11-22T13:27:54.078110Z 0 [Note] Giving 0 client threads a chance to die gracefully
2019-11-22T13:27:54.079109Z 0 [Note] Shutting down slave threads
2019-11-22T13:27:54.080108Z 0 [Note] Forcefully disconnecting 0 remaining clients
2019-11-22T13:27:54.081108Z 0 [Note] Event Scheduler: Purging the queue. 0 events
2019-11-22T13:27:54.082120Z 0 [Note] Binlog end
2019-11-22T13:27:54.084119Z 0 [Note] Shutting down plugin 'ngram'
2019-11-22T13:27:54.085118Z 0 [Note] Shutting down plugin 'partition'
2019-11-22T13:27:54.085118Z 0 [Note] Shutting down plugin 'BLACKHOLE'
2019-11-22T13:27:54.086117Z 0 [Note] Shutting down plugin 'ARCHIVE'
2019-11-22T13:27:54.087117Z 0 [Note] Shutting down plugin 'PERFORMANCE_SCHEMA'
2019-11-22T13:27:54.088116Z 0 [Note] Shutting down plugin 'MRG_MYISAM'
2019-11-22T13:27:54.089116Z 0 [Note] Shutting down plugin 'MyISAM'
2019-11-22T13:27:54.089116Z 0 [Note] Shutting down plugin 'INNODB_SYS_VIRTUAL'
2019-11-22T13:27:54.090115Z 0 [Note] Shutting down plugin 'INNODB_SYS_DATAFILES'
2019-11-22T13:27:54.091114Z 0 [Note] Shutting down plugin 'INNODB_SYS_TABLESPACES'
2019-11-22T13:27:54.092114Z 0 [Note] Shutting down plugin 'INNODB_SYS_FOREIGN_COLS'
2019-11-22T13:27:54.093101Z 0 [Note] Shutting down plugin 'INNODB_SYS_FOREIGN'
2019-11-22T13:27:54.094113Z 0 [Note] Shutting down plugin 'INNODB_SYS_FIELDS'
2019-11-22T13:27:54.095100Z 0 [Note] Shutting down plugin 'INNODB_SYS_COLUMNS'
2019-11-22T13:27:54.095100Z 0 [Note] Shutting down plugin 'INNODB_SYS_INDEXES'
2019-11-22T13:27:54.096111Z 0 [Note] Shutting down plugin 'INNODB_SYS_TABLESTATS'
2019-11-22T13:27:54.097147Z 0 [Note] Shutting down plugin 'INNODB_SYS_TABLES'
2019-11-22T13:27:54.098111Z 0 [Note] Shutting down plugin 'INNODB_FT_INDEX_TABLE'
2019-11-22T13:27:54.099110Z 0 [Note] Shutting down plugin 'INNODB_FT_INDEX_CACHE'
2019-11-22T13:27:54.100109Z 0 [Note] Shutting down plugin 'INNODB_FT_CONFIG'
2019-11-22T13:27:54.101109Z 0 [Note] Shutting down plugin 'INNODB_FT_BEING_DELETED'
2019-11-22T13:27:54.102108Z 0 [Note] Shutting down plugin 'INNODB_FT_DELETED'
2019-11-22T13:27:54.103108Z 0 [Note] Shutting down plugin 'INNODB_FT_DEFAULT_STOPWORD'
2019-11-22T13:27:54.104107Z 0 [Note] Shutting down plugin 'INNODB_METRICS'
2019-11-22T13:27:54.105106Z 0 [Note] Shutting down plugin 'INNODB_TEMP_TABLE_INFO'
2019-11-22T13:27:54.105106Z 0 [Note] Shutting down plugin 'INNODB_BUFFER_POOL_STATS'
2019-11-22T13:27:54.106106Z 0 [Note] Shutting down plugin 'INNODB_BUFFER_PAGE_LRU'
2019-11-22T13:27:54.107106Z 0 [Note] Shutting down plugin 'INNODB_BUFFER_PAGE'
2019-11-22T13:27:54.108110Z 0 [Note] Shutting down plugin 'INNODB_CMP_PER_INDEX_RESET'
2019-11-22T13:27:54.109109Z 0 [Note] Shutting down plugin 'INNODB_CMP_PER_INDEX'
2019-11-22T13:27:54.110092Z 0 [Note] Shutting down plugin 'INNODB_CMPMEM_RESET'
2019-11-22T13:27:54.111104Z 0 [Note] Shutting down plugin 'INNODB_CMPMEM'
2019-11-22T13:27:54.112102Z 0 [Note] Shutting down plugin 'INNODB_CMP_RESET'
2019-11-22T13:27:54.113102Z 0 [Note] Shutting down plugin 'INNODB_CMP'
2019-11-22T13:27:54.114089Z 0 [Note] Shutting down plugin 'INNODB_LOCK_WAITS'
2019-11-22T13:27:54.114089Z 0 [Note] Shutting down plugin 'INNODB_LOCKS'
2019-11-22T13:27:54.115101Z 0 [Note] Shutting down plugin 'INNODB_TRX'
2019-11-22T13:27:54.116100Z 0 [Note] Shutting down plugin 'InnoDB'
2019-11-22T13:27:54.117100Z 0 [Note] InnoDB: FTS optimize thread exiting.
2019-11-22T13:27:54.118086Z 0 [Note] InnoDB: Starting shutdown...
2019-11-22T13:27:54.219848Z 0 [Note] InnoDB: Dumping buffer pool(s) to D:\ProjetTut\bin\database\mysql-5.7.11\data\ib_buffer_pool
2019-11-22T13:27:54.228843Z 0 [Note] InnoDB: Buffer pool(s) dump completed at 191122 14:27:54
2019-11-22T13:27:55.334180Z 0 [Note] InnoDB: Shutdown completed; log sequence number 8631510
2019-11-22T13:27:55.336178Z 0 [Note] InnoDB: Removed temporary tablespace data file: "ibtmp1"
2019-11-22T13:27:55.338177Z 0 [Note] Shutting down plugin 'MEMORY'
2019-11-22T13:27:55.339177Z 0 [Note] Shutting down plugin 'CSV'
2019-11-22T13:27:55.341175Z 0 [Note] Shutting down plugin 'sha256_password'
2019-11-22T13:27:55.342175Z 0 [Note] Shutting down plugin 'mysql_native_password'
2019-11-22T13:27:55.344174Z 0 [Note] Shutting down plugin 'binlog'
2019-11-22T13:27:55.347172Z 0 [Note] D:\ProjetTut\bin\database\mysql-5.7.11\bin\mysqld.exe: Shutdown complete

