2019-12-02T14:12:12.687709Z 0 [Warning] TIMESTAMP with implicit DEFAULT value is deprecated. Please use --explicit_defaults_for_timestamp server option (see documentation for more details).
2019-12-02T14:12:12.687709Z 0 [Warning] 'NO_ZERO_DATE', 'NO_ZERO_IN_DATE' and 'ERROR_FOR_DIVISION_BY_ZERO' sql modes should be used with strict mode. They will be merged with strict mode in a future release.
2019-12-02T14:12:12.687709Z 0 [Warning] 'NO_AUTO_CREATE_USER' sql mode was not set.
2019-12-02T14:12:12.687709Z 0 [Warning] Insecure configuration for --secure-file-priv: Current value does not restrict location of generated files. Consider setting it to a valid, non-empty path.
2019-12-02T14:12:12.781392Z 0 [Note] C:\Users\Drakhis\Desktop\Cours\PTUT\ptut\bin\database\mysql-5.7.11\bin\mysqld.exe (mysqld 5.7.11) starting as process 5508 ...
2019-12-02T14:12:12.843877Z 0 [ERROR] Can't open shared library 'C:\Users\Drakhis\Desktop\Cours\PTUT\ptut\bin\database\mysql-5.7.11\lib\plugin\keyring_file.dll' (errno: 126 Le module spécifié est introuvable.)
2019-12-02T14:12:12.843877Z 0 [ERROR] Couldn't load plugin named 'keyring_file' with soname 'keyring_file.dll'.
2019-12-02T14:12:12.843877Z 0 [Note] InnoDB: Mutexes and rw_locks use Windows interlocked functions
2019-12-02T14:12:12.859498Z 0 [Note] InnoDB: Uses event mutexes
2019-12-02T14:12:12.859498Z 0 [Note] InnoDB: Memory barrier is not used
2019-12-02T14:12:12.859498Z 0 [Note] InnoDB: Compressed tables use zlib 1.2.3
2019-12-02T14:12:12.859498Z 0 [Note] InnoDB: Number of pools: 1
2019-12-02T14:12:12.859498Z 0 [Note] InnoDB: Not using CPU crc32 instructions
2019-12-02T14:12:12.984470Z 0 [Note] InnoDB: Initializing buffer pool, total size = 128M, instances = 1, chunk size = 128M
2019-12-02T14:12:12.984470Z 0 [Note] InnoDB: Completed initialization of buffer pool
2019-12-02T14:12:13.140682Z 0 [Note] InnoDB: Highest supported file format is Barracuda.
2019-12-02T14:12:13.156303Z 0 [Note] InnoDB: Log scan progressed past the checkpoint lsn 10457345
2019-12-02T14:12:13.156303Z 0 [Note] InnoDB: Doing recovery: scanned up to log sequence number 10457582
2019-12-02T14:12:13.171925Z 0 [Note] InnoDB: Doing recovery: scanned up to log sequence number 10457582
2019-12-02T14:12:13.171925Z 0 [Note] InnoDB: Database was not shutdown normally!
2019-12-02T14:12:13.171925Z 0 [Note] InnoDB: Starting crash recovery.
2019-12-02T14:12:13.999002Z 0 [Note] InnoDB: Starting an apply batch of log records to the database...
InnoDB: Progress in percent: 41 42 43 44 45 46 47 48 49 50 51 52 53 54 55 56 57 58 59 60 61 62 63 64 65 66 67 68 69 70 71 72 73 74 75 76 77 78 79 80 81 82 83 84 85 86 87 88 89 90 91 92 93 94 95 96 97 98 99 
2019-12-02T14:12:14.510978Z 0 [Note] InnoDB: Apply batch completed
2019-12-02T14:12:14.783084Z 0 [Note] InnoDB: Removed temporary tablespace data file: "ibtmp1"
2019-12-02T14:12:14.783084Z 0 [Note] InnoDB: Creating shared tablespace for temporary tables
2019-12-02T14:12:14.783084Z 0 [Note] InnoDB: Setting file '.\ibtmp1' size to 12 MB. Physically writing the file full; Please wait ...
2019-12-02T14:12:15.079917Z 0 [Note] InnoDB: File '.\ibtmp1' size is now 12 MB.
2019-12-02T14:12:15.079917Z 0 [Note] InnoDB: 96 redo rollback segment(s) found. 96 redo rollback segment(s) are active.
2019-12-02T14:12:15.079917Z 0 [Note] InnoDB: 32 non-redo rollback segment(s) are active.
2019-12-02T14:12:15.079917Z 0 [Note] InnoDB: Waiting for purge to start
2019-12-02T14:12:15.142406Z 0 [Note] InnoDB: 5.7.11 started; log sequence number 10457582
2019-12-02T14:12:15.142406Z 0 [Note] InnoDB: Loading buffer pool(s) from C:\Users\Drakhis\Desktop\Cours\PTUT\ptut\bin\database\mysql-5.7.11\data\ib_buffer_pool
2019-12-02T14:12:15.142406Z 0 [Note] Plugin 'FEDERATED' is disabled.
2019-12-02T14:12:15.376694Z 0 [Warning] Failed to set up SSL because of the following SSL library error: SSL context is not usable without certificate and private key
2019-12-02T14:12:15.392316Z 0 [Note] Server hostname (bind-address): '*'; port: 3306
2019-12-02T14:12:15.392316Z 0 [Note] IPv6 is available.
2019-12-02T14:12:15.392316Z 0 [Note]   - '::' resolves to '::';
2019-12-02T14:12:15.392316Z 0 [Note] Server socket created on IP: '::'.
2019-12-02T14:12:15.951444Z 0 [Note] InnoDB: Buffer pool(s) load completed at 191202 15:12:15
2019-12-02T14:12:18.660370Z 0 [Note] Event Scheduler: Loaded 0 events
2019-12-02T14:12:18.660370Z 0 [Note] C:\Users\Drakhis\Desktop\Cours\PTUT\ptut\bin\database\mysql-5.7.11\bin\mysqld.exe: ready for connections.
Version: '5.7.11'  socket: ''  port: 3306  MySQL Community Server (GPL)
