********************************************************************************
DUPLICATOR-LITE PACKAGE-LOG: 9 February 2020 15 h 04 min
NOTICE: Do NOT post to public sites or forums 
********************************************************************************
VERSION:	1.3.24
WORDPRESS:	5.2.5
PHP INFO:	7.3.9 | SAPI: cgi-fcgi
SERVER:		Apache 
PHP TIME LIMIT: (0) no time limit imposed 
PHP MAX MEMORY: 4294967296 (256M default) 
MEMORY STACK: 2MB

********************************************************************************
DATABASE:
********************************************************************************
BUILD MODE:   MYSQLDUMP
MYSQLTIMEOUT: 5000
MYSQLDUMP:    Is Supported
SQL CREATED: 20191204_unisocium_5f9588104cca89fe3816_20200209150429_database.sql
SQL FILE SIZE: 602.08KB (616527)
SQL FILE TIME: 2020-02-09 15:04:33
SQL RUNTIME: 0.20 sec.

********************************************************************************
ARCHIVE (ZIP):
********************************************************************************
ARCHIVE DIR:  /home/compteflorian/www
ARCHIVE FILE: 20191204_unisocium_5f9588104cca89fe3816_20200209150429_archive.zip
FILTERS: *OFF*
DIRS:
	not set
FILES:
	not set
EXTS:  not set
----------------------------------------
COMPRESSING
SIZE:	0B
STATS:	Dirs 0 | Files 0
SQL ADDED: 20191204_unisocium_5f9588104cca89fe3816_20200209150429_database.sql
ZipArchive Object
(
    [status] => 0
    [statusSys] => 0
    [numFiles] => 1
    [filename] => /home/compteflorian/www/wp-snapshots/tmp/20191204_unisocium_5f9588104cca89fe3816_20200209150429_archive.zip
    [comment] => 
)

FILE ADDED TO ZIP: 0
COMPRESSION RESULT: '1'
COMPRESSED SIZE: 104.86KB
ARCHIVE RUNTIME: 0.03 sec.
MEMORY STACK: 4MB
building installer
add_extra_files1
add_extra_files2
add_extra_files3
add_extra_files4
Doing archive file check
add_extra_files5
add_extra_files6
add_extra_files8
Successfully opened zip /home/compteflorian/www/wp-snapshots/tmp/20191204_unisocium_5f9588104cca89fe3816_20200209150429_archive.zip
Adding enhanced installer files to archive using ZipArchive
Installer files added to archive
Added to archive
After ziparchive close when adding installer

********************************************************************************
INTEGRITY CHECKS:
********************************************************************************
SQL FILE: 602.08KB
INSTALLER FILE: 60.53KB
ARCHIVE FILE: 1.4MB 
COMPTE ATTENDU DE FICHIERS/RÉPERTOIRES : 0
COMPTE ACTUEL DE FICHIERS/RÉPERTOIRES : 0
TEST DE COHÉRENCE D’ARCHIVE : Bon

********************************************************************************
RECORD ID:[16]
TOTAL PROCESS RUNTIME: 0.40 sec.
PEAK PHP MEMORY USED: 4MB
DONE PROCESSING => 20191204_unisocium 9 February 2020 15 h 04 min

