********************************************************************************
DUPLICATOR-LITE PACKAGE-LOG: 15 December 2019 15 h 18 min
NOTICE: Do NOT post to public sites or forums 
********************************************************************************
VERSION:	1.3.24
WORDPRESS:	5.2.5
PHP INFO:	7.3.9 | SAPI: cgi-fcgi
SERVER:		Apache 
PHP TIME LIMIT: (0) no time limit imposed 
PHP MAX MEMORY: 4294967296 (256M default) 
MEMORY STACK: 2MB
[CTRL DUP ARCIVE] PACKAGE AS NEW ID 11 SAVED | STATUS:0
[DUP ARCHIVE] BUILDING DATABASE

********************************************************************************
DATABASE:
********************************************************************************
BUILD MODE:   MYSQLDUMP
MYSQLTIMEOUT: 5000
MYSQLDUMP:    Is Supported
SQL CREATED: 20191204_unisocium_28a2c7f2b63a612f7064_20191215151830_database.sql
SQL FILE SIZE: 717.83KB (735061)
SQL FILE TIME: 2019-12-15 15:18:36
SQL RUNTIME: 0.09 sec.
[DUP ARCHIVE] VALIDATING DATABASE
[DUP ARCHIVE] DONE DATABASE

********************************************************************************
ARCHIVE Type=DUP Mode=DupArchive
********************************************************************************
ARCHIVE DIR:  /home/compteflorian/www
ARCHIVE FILE: 20191204_unisocium_28a2c7f2b63a612f7064_20191215151830_archive.daf
FILTERS: *OFF*
DIRS:
	not set
FILES:
	not set
EXTS:  not set
----------------------------------------
COMPRESSING
SIZE:	0B
STATS:	Dirs 0 | Files 0 | Total 0
[DUP ARCHIVE] DONE ARCHIVE
building installer
add_extra_files1
add_extra_files2
add_extra_files3
add_extra_files4
Doing archive file check
add_extra_files5
add_extra_files6
add_extra_files7
add_extra_files_using_da1
Adding enhanced installer files to archive using DupArchive
[DUP ARCHIVE] DONE ARCHIVE
COMPRESSED SIZE: 1.58MB
ARCHIVE RUNTIME: 2.07 sec.
MEMORY STACK: 2MB
CREATE WARNINGS: No warnings.
VALIDATION WARNINGS: No warnings.
[DUP ARCHIVE] DONE ARCHIVE
[DUP ARCHIVE] HAS COMPLETED CLOSING
[DUP ARCHIVE] DUP ARCHIVE INTEGRITY CHECK

********************************************************************************
INTEGRITY CHECKS:
********************************************************************************
SQL FILE: 717.83KB
INSTALLER FILE: 74.39KB
ARCHIVE FILE: 1.58MB 
COMPTE ATTENDU DE FICHIERS/RÉPERTOIRES : 181
COMPTE ACTUEL DE FICHIERS/RÉPERTOIRES : 182

********************************************************************************
RECORD ID:[11]
TOTAL PROCESS RUNTIME: 2.08 sec.
PEAK PHP MEMORY USED: 2MB
DONE PROCESSING => 20191204_unisocium 2019-12-15 15:18:38

